<?xml version="1.0" encoding="UTF-8"?>
<!-- Generated by org.testng.reporters.JUnitXMLReporter -->
<testsuite ignored="1" hostname="LAPTOP-J7CF5V3J" failures="0" tests="3" name="Test" time="0.141" errors="0" timestamp="2023-01-12T22:42:13 IST">
  <testcase classname="automation_dipi.day1" name="login" time="0.018"/>
  <testcase classname="automation_dipi.day2" name="web_Car_loan" time="0.005"/>
  <testcase classname="automation_dipi.Setup" name="TestSetup" time="0.005"/>
  <testcase classname="automation_dipi.day2" name="Mobile_Car_loan" time="0.0">
    <ignored/>
  </testcase> <!-- Mobile_Car_loan -->
</testsuite> <!-- Test -->
